<?xml version="1.0" encoding="UTF-8"?>
<testsuite name="com.gopae02.book.springboot.web.IndexControllerTest" tests="1" skipped="0" failures="0" errors="0" timestamp="2020-02-14T05:49:27" hostname="DESKTOP-I44G1JN" time="0.3">
  <properties/>
  <testcase name="메인페이지_로딩" classname="com.gopae02.book.springboot.web.IndexControllerTest" time="0.3"/>
  <system-out><![CDATA[2020-02-14 14:49:23.706  INFO 18496 --- [    Test worker] .b.t.c.SpringBootTestContextBootstrapper : Neither @ContextConfiguration nor @ContextHierarchy found for test class [com.gopae02.book.springboot.web.IndexControllerTest], using SpringBootContextLoader
2020-02-14 14:49:23.708  INFO 18496 --- [    Test worker] o.s.t.c.support.AbstractContextLoader    : Could not detect default resource locations for test class [com.gopae02.book.springboot.web.IndexControllerTest]: no resource found for suffixes {-context.xml, Context.groovy}.
2020-02-14 14:49:23.709  INFO 18496 --- [    Test worker] t.c.s.AnnotationConfigContextLoaderUtils : Could not detect default configuration classes for test class [com.gopae02.book.springboot.web.IndexControllerTest]: IndexControllerTest does not declare any static, non-private, non-final, nested classes annotated with @Configuration.
2020-02-14 14:49:23.712  INFO 18496 --- [    Test worker] .b.t.c.SpringBootTestContextBootstrapper : Found @SpringBootConfiguration com.gopae02.book.springboot.Application for test class com.gopae02.book.springboot.web.IndexControllerTest
2020-02-14 14:49:23.717  INFO 18496 --- [    Test worker] .b.t.c.SpringBootTestContextBootstrapper : Loaded default TestExecutionListener class names from location [META-INF/spring.factories]: [org.springframework.security.test.context.support.WithSecurityContextTestExecutionListener, org.springframework.security.test.context.support.ReactorContextTestExecutionListener, org.springframework.boot.test.autoconfigure.restdocs.RestDocsTestExecutionListener, org.springframework.boot.test.autoconfigure.web.client.MockRestServiceServerResetTestExecutionListener, org.springframework.boot.test.autoconfigure.web.servlet.MockMvcPrintOnlyOnFailureTestExecutionListener, org.springframework.boot.test.autoconfigure.web.servlet.WebDriverTestExecutionListener, org.springframework.boot.test.mock.mockito.MockitoTestExecutionListener, org.springframework.boot.test.mock.mockito.ResetMocksTestExecutionListener, org.springframework.test.context.web.ServletTestExecutionListener, org.springframework.test.context.support.DirtiesContextBeforeModesTestExecutionListener, org.springframework.test.context.support.DependencyInjectionTestExecutionListener, org.springframework.test.context.support.DirtiesContextTestExecutionListener, org.springframework.test.context.transaction.TransactionalTestExecutionListener, org.springframework.test.context.jdbc.SqlScriptsTestExecutionListener]
2020-02-14 14:49:23.720  INFO 18496 --- [    Test worker] .b.t.c.SpringBootTestContextBootstrapper : Using TestExecutionListeners: [org.springframework.test.context.web.ServletTestExecutionListener@4151a9ca, org.springframework.test.context.support.DirtiesContextBeforeModesTestExecutionListener@18c40ed8, org.springframework.boot.test.mock.mockito.MockitoTestExecutionListener@38f4df94, org.springframework.boot.test.autoconfigure.SpringBootDependencyInjectionTestExecutionListener@14000114, org.springframework.test.context.support.DirtiesContextTestExecutionListener@58d3e5a7, org.springframework.test.context.transaction.TransactionalTestExecutionListener@605982ab, org.springframework.test.context.jdbc.SqlScriptsTestExecutionListener@7ecfe94b, org.springframework.security.test.context.support.WithSecurityContextTestExecutionListener@6ad34f27, org.springframework.security.test.context.support.ReactorContextTestExecutionListener@2d6a6107, org.springframework.boot.test.autoconfigure.restdocs.RestDocsTestExecutionListener@10af2db, org.springframework.boot.test.autoconfigure.web.client.MockRestServiceServerResetTestExecutionListener@8ec600, org.springframework.boot.test.autoconfigure.web.servlet.MockMvcPrintOnlyOnFailureTestExecutionListener@70d41b41, org.springframework.boot.test.autoconfigure.web.servlet.WebDriverTestExecutionListener@ec83e05, org.springframework.boot.test.mock.mockito.ResetMocksTestExecutionListener@5802992d]

  .   ____          _            __ _ _
 /\\ / ___'_ __ _ _(_)_ __  __ _ \ \ \ \
( ( )\___ | '_ | '_| | '_ \/ _` | \ \ \ \
 \\/  ___)| |_)| | | | | || (_| |  ) ) ) )
  '  |____| .__|_| |_|_| |_\__, | / / / /
 =========|_|==============|___/=/_/_/_/
 :: Spring Boot ::        (v2.1.7.RELEASE)

2020-02-14 14:49:23.838  INFO 18496 --- [    Test worker] c.g.b.s.web.IndexControllerTest          : Starting IndexControllerTest on DESKTOP-I44G1JN with PID 18496 (started by user in C:\dev\jetbrain)
2020-02-14 14:49:23.839  INFO 18496 --- [    Test worker] c.g.b.s.web.IndexControllerTest          : The following profiles are active: oauth
2020-02-14 14:49:24.239  INFO 18496 --- [    Test worker] .s.d.r.c.RepositoryConfigurationDelegate : Bootstrapping Spring Data repositories in DEFAULT mode.
2020-02-14 14:49:24.278  INFO 18496 --- [    Test worker] .s.d.r.c.RepositoryConfigurationDelegate : Finished Spring Data repository scanning in 39ms. Found 2 repository interfaces.
2020-02-14 14:49:24.447  INFO 18496 --- [    Test worker] trationDelegate$BeanPostProcessorChecker : Bean 'org.springframework.transaction.annotation.ProxyTransactionManagementConfiguration' of type [org.springframework.transaction.annotation.ProxyTransactionManagementConfiguration$$EnhancerBySpringCGLIB$$46849b0f] is not eligible for getting processed by all BeanPostProcessors (for example: not eligible for auto-proxying)
2020-02-14 14:49:24.853  INFO 18496 --- [    Test worker] o.s.b.w.embedded.tomcat.TomcatWebServer  : Tomcat initialized with port(s): 0 (http)
2020-02-14 14:49:24.902  INFO 18496 --- [    Test worker] o.apache.catalina.core.StandardService   : Starting service [Tomcat]
2020-02-14 14:49:24.903  INFO 18496 --- [    Test worker] org.apache.catalina.core.StandardEngine  : Starting Servlet engine: [Apache Tomcat/9.0.22]
2020-02-14 14:49:25.183  INFO 18496 --- [    Test worker] o.a.c.c.C.[Tomcat].[localhost].[/]       : Initializing Spring embedded WebApplicationContext
2020-02-14 14:49:25.183  INFO 18496 --- [    Test worker] o.s.web.context.ContextLoader            : Root WebApplicationContext: initialization completed in 1339 ms
2020-02-14 14:49:25.503  INFO 18496 --- [    Test worker] com.zaxxer.hikari.HikariDataSource       : HikariPool-2 - Starting...
2020-02-14 14:49:25.507  INFO 18496 --- [    Test worker] com.zaxxer.hikari.HikariDataSource       : HikariPool-2 - Start completed.
2020-02-14 14:49:25.563  INFO 18496 --- [    Test worker] o.hibernate.jpa.internal.util.LogHelper  : HHH000204: Processing PersistenceUnitInfo [
	name: default
	...]
2020-02-14 14:49:25.583  INFO 18496 --- [    Test worker] org.hibernate.dialect.Dialect            : HHH000400: Using dialect: org.hibernate.dialect.MySQL5InnoDBDialect
Hibernate: drop table if exists posts
Hibernate: drop table if exists user
Hibernate: create table posts (id bigint not null auto_increment, created_date datetime, modified_date datetime, author varchar(255), content TEXT not null, title varchar(500) not null, primary key (id)) engine=InnoDB
Hibernate: create table user (id bigint not null auto_increment, created_date datetime, modified_date datetime, email varchar(255) not null, name varchar(255) not null, picture varchar(255), role varchar(255) not null, primary key (id)) engine=InnoDB
2020-02-14 14:49:25.678  INFO 18496 --- [    Test worker] o.h.t.schema.internal.SchemaCreatorImpl  : HHH000476: Executing import script 'org.hibernate.tool.schema.internal.exec.ScriptSourceInputNonExistentImpl@bc64bd3'
2020-02-14 14:49:25.679  INFO 18496 --- [    Test worker] j.LocalContainerEntityManagerFactoryBean : Initialized JPA EntityManagerFactory for persistence unit 'default'
2020-02-14 14:49:26.277  INFO 18496 --- [    Test worker] o.h.h.i.QueryTranslatorFactoryInitiator  : HHH000397: Using ASTQueryTranslatorFactory
2020-02-14 14:49:26.520  INFO 18496 --- [    Test worker] o.s.s.web.DefaultSecurityFilterChain     : Creating filter chain: any request, [org.springframework.security.web.context.request.async.WebAsyncManagerIntegrationFilter@6217f4, org.springframework.security.web.context.SecurityContextPersistenceFilter@72a36e20, org.springframework.security.web.header.HeaderWriterFilter@7b61fe68, org.springframework.security.web.authentication.logout.LogoutFilter@3cd92e0c, org.springframework.security.oauth2.client.web.OAuth2AuthorizationRequestRedirectFilter@4c587048, org.springframework.security.oauth2.client.web.OAuth2LoginAuthenticationFilter@27c904d3, org.springframework.security.web.authentication.ui.DefaultLoginPageGeneratingFilter@556288ee, org.springframework.security.web.authentication.ui.DefaultLogoutPageGeneratingFilter@13f144b3, org.springframework.security.web.savedrequest.RequestCacheAwareFilter@6cd1356d, org.springframework.security.web.servletapi.SecurityContextHolderAwareRequestFilter@18b70421, org.springframework.security.web.authentication.AnonymousAuthenticationFilter@1c24bcb5, org.springframework.security.web.session.SessionManagementFilter@5a22e74e, org.springframework.security.web.access.ExceptionTranslationFilter@1321b9a0, org.springframework.security.web.access.intercept.FilterSecurityInterceptor@779c8388]
2020-02-14 14:49:26.853  INFO 18496 --- [    Test worker] o.s.s.concurrent.ThreadPoolTaskExecutor  : Initializing ExecutorService 'applicationTaskExecutor'
2020-02-14 14:49:26.871  WARN 18496 --- [    Test worker] aWebConfiguration$JpaWebMvcConfiguration : spring.jpa.open-in-view is enabled by default. Therefore, database queries may be performed during view rendering. Explicitly configure spring.jpa.open-in-view to disable this warning
2020-02-14 14:49:26.915  INFO 18496 --- [    Test worker] o.s.b.a.w.s.WelcomePageHandlerMapping    : Adding welcome page template: index
2020-02-14 14:49:27.333  INFO 18496 --- [    Test worker] s.a.ScheduledAnnotationBeanPostProcessor : No TaskScheduler/ScheduledExecutorService bean found for scheduled processing
2020-02-14 14:49:27.376  INFO 18496 --- [    Test worker] o.s.b.w.embedded.tomcat.TomcatWebServer  : Tomcat started on port(s): 4492 (http) with context path ''
2020-02-14 14:49:27.378  INFO 18496 --- [    Test worker] c.g.b.s.web.IndexControllerTest          : Started IndexControllerTest in 3.654 seconds (JVM running for 19.414)
2020-02-14 14:49:27.527  INFO 18496 --- [o-auto-1-exec-1] o.a.c.c.C.[Tomcat].[localhost].[/]       : Initializing Spring DispatcherServlet 'dispatcherServlet'
2020-02-14 14:49:27.528  INFO 18496 --- [o-auto-1-exec-1] o.s.web.servlet.DispatcherServlet        : Initializing Servlet 'dispatcherServlet'
2020-02-14 14:49:27.560  INFO 18496 --- [o-auto-1-exec-1] o.s.web.servlet.DispatcherServlet        : Completed initialization in 32 ms
Hibernate: select posts0_.id as id1_0_, posts0_.created_date as created_2_0_, posts0_.modified_date as modified3_0_, posts0_.author as author4_0_, posts0_.content as content5_0_, posts0_.title as title6_0_ from posts posts0_ order by posts0_.id DESC
]]></system-out>
  <system-err><![CDATA[]]></system-err>
</testsuite>
